<?xml version="1.0" encoding="UTF-8"?>
<!-- Generated by org.testng.reporters.JUnitReportReporter -->
<testsuite hostname="LAPTOP-Q1BNFUK8" failures="0" tests="1" name="Maven.ReadExcelData" time="0.793" errors="0" timestamp="2024-09-28T19:54:48 IST" skipped="0">
  <testcase classname="Maven.ReadExcelData" name="Data" time="0.793"/>
  <system-out/>
</testsuite> <!-- Maven.ReadExcelData -->
