<?xml version="1.0" encoding="UTF-8"?>
<!-- Generated by org.testng.reporters.JUnitReportReporter -->
<testsuite hostname="LAPTOP-Q1BNFUK8" failures="0" tests="1" name="Java.cucumberOptions.TestRunner" time="11.733" errors="0" timestamp="2024-10-07T23:39:32 IST" skipped="0">
  <testcase classname="Java.cucumberOptions.TestRunner" name="runScenario" time="11.733"/>
</testsuite> <!-- Java.cucumberOptions.TestRunner -->
