<?xml version="1.0" encoding="UTF-8"?>
<!-- Generated by org.testng.reporters.JUnitReportReporter -->
<testsuite hostname="LAPTOP-Q1BNFUK8" failures="0" tests="1" name="SDET_TestNG.MakeMyTrip" time="48.324" errors="0" timestamp="2024-09-28T19:17:37 IST" skipped="0">
  <testcase classname="SDET_TestNG.MakeMyTrip" name="bookingFlights" time="48.324"/>
  <system-out/>
</testsuite> <!-- SDET_TestNG.MakeMyTrip -->
